\BOOKMARK [1][-]{section.1}{\376\377\137\025\212\000}{}% 1
\BOOKMARK [2][-]{subsection.1.1}{\376\377\166\356\166\204}{section.1}% 2
\BOOKMARK [2][-]{subsection.1.2}{\376\377\230\171\166\356\203\003\126\364}{section.1}% 3
\BOOKMARK [2][-]{subsection.1.3}{\376\377\145\207\150\143\151\202\211\310}{section.1}% 4
\BOOKMARK [2][-]{subsection.1.4}{\376\377\123\302\200\003\215\104\145\231}{section.1}% 5
\BOOKMARK [2][-]{subsection.1.5}{\376\377\147\057\213\355\116\016\177\051\165\145\213\355}{section.1}% 6
\BOOKMARK [1][-]{section.2}{\376\377\174\373\176\337\151\202\211\310}{}% 7
\BOOKMARK [1][-]{section.3}{\376\377\174\373\176\337\147\266\147\204}{}% 8
\BOOKMARK [2][-]{subsection.3.1}{\376\377\147\266\147\204\213\276\213\241}{section.3}% 9
\BOOKMARK [2][-]{subsection.3.2}{\376\377\122\006\211\343\143\317\217\360}{section.3}% 10
\BOOKMARK [2][-]{subsection.3.3}{\376\377\213\276\213\241\123\237\164\006}{section.3}% 11
\BOOKMARK [1][-]{section.4}{\376\377\145\160\143\156\213\276\213\241}{}% 12
\BOOKMARK [2][-]{subsection.4.1}{\376\377\145\160\143\156\213\364\146\016}{section.4}% 13
\BOOKMARK [2][-]{subsection.4.2}{\376\377\145\160\143\156\133\127\121\170}{section.4}% 14
\BOOKMARK [1][-]{section.5}{\376\377\176\304\116\366\213\276\213\241}{}% 15
\BOOKMARK [1][-]{section.6}{\376\377\116\272\147\072\165\114\227\142\213\276\213\241}{}% 16
\BOOKMARK [2][-]{subsection.6.1}{\376\377\165\114\227\142\151\202\211\310}{section.6}% 17
\BOOKMARK [2][-]{subsection.6.2}{\376\377\165\114\227\142\142\052\126\376}{section.6}% 18
\BOOKMARK [2][-]{subsection.6.3}{\376\377\165\114\227\142\143\247\116\366\116\016\144\315\117\134}{section.6}% 19
\BOOKMARK [1][-]{section.7}{\376\377\227\000\154\102\167\351\226\065}{}% 20
\BOOKMARK [1][-]{section.8}{\376\377\000A\000P\000P\000E\000N\000D\000I\000C\000E\000S}{}% 21
